0 info it worked if it ends with ok
1 verbose cli [ 'd:\\Program Files\\nodejs\\node.exe',
1 verbose cli   'd:\\Program Files\\nodejs\\node_modules\\npm\\bin\\npm-cli.js',
1 verbose cli   'run',
1 verbose cli   'watch' ]
2 info using npm@3.8.3
3 info using node@v5.10.1
4 verbose run-script [ 'prewatch', 'watch', 'postwatch' ]
5 info lifecycle demo-rollup@1.0.0~prewatch: demo-rollup@1.0.0
6 silly lifecycle demo-rollup@1.0.0~prewatch: no script for prewatch, continuing
7 info lifecycle demo-rollup@1.0.0~watch: demo-rollup@1.0.0
8 verbose lifecycle demo-rollup@1.0.0~watch: unsafe-perm in lifecycle true
9 verbose lifecycle demo-rollup@1.0.0~watch: PATH: d:\Program Files\nodejs\node_modules\npm\bin\node-gyp-bin;f:\git2\demo-rollup\node_modules\.bin;d:\Program Files\nodejs;c:\Users\admin\bin;.;d:\Program Files (x86)\Git\local\bin;d:\Program Files (x86)\Git\mingw\bin;d:\Program Files (x86)\Git\bin;d:\Program Files (x86)\Git\bin;d:\Java\apache-ant-1.9.4\bin;d:\Java\apache-ant-1.9.4\lib;d:\Java\jdk1.7.0_71\bin;c:\Program Files (x86)\NVIDIA Corporation\PhysX\Common;c:\Program Files (x86)\Intel\iCLS Client\;c:\Program Files\Intel\iCLS Client\;c:\Windows\system32;c:\Windows;c:\Windows\System32\Wbem;c:\Windows\System32\WindowsPowerShell\v1.0\;c:\Program Files\Intel\Intel(R) Management Engine Components\DAL;c:\Program Files\Intel\Intel(R) Management Engine Components\IPT;c:\Program Files (x86)\Intel\Intel(R) Management Engine Components\DAL;c:\Program Files (x86)\Intel\Intel(R) Management Engine Components\IPT;c:\Program Files\TortoiseSVN\bin;c:\HashiCorp\Vagrant\bin;d:\Program Files\nodejs\;c:\Users\admin\AppData\Local\Code\bin;c:\Users\admin\AppData\Local\atom\bin;c:\Users\admin\AppData\Roaming\npm
10 verbose lifecycle demo-rollup@1.0.0~watch: CWD: f:\git2\demo-rollup
11 silly lifecycle demo-rollup@1.0.0~watch: Args: [ '/d /s /c', 'grunt blive' ]
12 silly lifecycle demo-rollup@1.0.0~watch: Returned: code: 1  signal: null
13 info lifecycle demo-rollup@1.0.0~watch: Failed to exec watch script
14 verbose stack Error: demo-rollup@1.0.0 watch: `grunt blive`
14 verbose stack Exit status 1
14 verbose stack     at EventEmitter.<anonymous> (d:\Program Files\nodejs\node_modules\npm\lib\utils\lifecycle.js:239:16)
14 verbose stack     at emitTwo (events.js:100:13)
14 verbose stack     at EventEmitter.emit (events.js:185:7)
14 verbose stack     at ChildProcess.<anonymous> (d:\Program Files\nodejs\node_modules\npm\lib\utils\spawn.js:24:14)
14 verbose stack     at emitTwo (events.js:100:13)
14 verbose stack     at ChildProcess.emit (events.js:185:7)
14 verbose stack     at maybeClose (internal/child_process.js:850:16)
14 verbose stack     at Process.ChildProcess._handle.onexit (internal/child_process.js:215:5)
15 verbose pkgid demo-rollup@1.0.0
16 verbose cwd f:\git2\demo-rollup
17 error Windows_NT 6.1.7601
18 error argv "d:\\Program Files\\nodejs\\node.exe" "d:\\Program Files\\nodejs\\node_modules\\npm\\bin\\npm-cli.js" "run" "watch"
19 error node v5.10.1
20 error npm  v3.8.3
21 error code ELIFECYCLE
22 error demo-rollup@1.0.0 watch: `grunt blive`
22 error Exit status 1
23 error Failed at the demo-rollup@1.0.0 watch script 'grunt blive'.
23 error Make sure you have the latest version of node.js and npm installed.
23 error If you do, this is most likely a problem with the demo-rollup package,
23 error not with npm itself.
23 error Tell the author that this fails on your system:
23 error     grunt blive
23 error You can get information on how to open an issue for this project with:
23 error     npm bugs demo-rollup
23 error Or if that isn't available, you can get their info via:
23 error     npm owner ls demo-rollup
23 error There is likely additional logging output above.
24 verbose exit [ 1, true ]
